-------------------------------------------------------------------------------
Test set: TestSuite
-------------------------------------------------------------------------------
Tests run: 14, Failures: 9, Errors: 0, Skipped: 5, Time elapsed: 4.015 s <<< FAILURE! - in TestSuite
runScenario(cucumber.TestNGTestRunner)  Time elapsed: 0.216 s  <<< FAILURE!
io.cucumber.testng.UndefinedStepException: 
The step 'I landed on ECommerce page' and 2 other step(s) are undefined.
You can implement these steps using the snippet(s) below:

@Given("I landed on ECommerce page")
public void i_landed_on_e_commerce_page() {
    // Write code here that turns the phrase above into concrete actions
    throw new io.cucumber.java.PendingException();
}
@When("I add Product ADIDAS ORIGINAL to cart")
public void i_add_product_adidas_original_to_cart() {
    // Write code here that turns the phrase above into concrete actions
    throw new io.cucumber.java.PendingException();
}
@Then("{string} message is displayed on confirmation page")
public void message_is_displayed_on_confirmation_page(String string) {
    // Write code here that turns the phrase above into concrete actions
    throw new io.cucumber.java.PendingException();
}


launchapplication(SeleniumPractice.tests.ErrorValidationsTest)  Time elapsed: 1.292 s  <<< FAILURE!
io.github.bonigarcia.wdm.config.WebDriverManagerException: java.net.UnknownHostException: googlechromelabs.github.io
Caused by: java.net.UnknownHostException: googlechromelabs.github.io

teardown(SeleniumPractice.tests.ErrorValidationsTest)  Time elapsed: 0.003 s  <<< FAILURE!
java.lang.NullPointerException: Cannot invoke "org.openqa.selenium.WebDriver.close()" because "this.driver" is null

launchapplication(SeleniumPractice.tests.ErrorValidationsTest)  Time elapsed: 0.242 s  <<< FAILURE!
io.github.bonigarcia.wdm.config.WebDriverManagerException: java.net.UnknownHostException: googlechromelabs.github.io
Caused by: java.net.UnknownHostException: googlechromelabs.github.io

teardown(SeleniumPractice.tests.ErrorValidationsTest)  Time elapsed: 0.001 s  <<< FAILURE!
java.lang.NullPointerException: Cannot invoke "org.openqa.selenium.WebDriver.close()" because "this.driver" is null

launchapplication(SeleniumPractice.tests.SubmitOrderTest)  Time elapsed: 0.501 s  <<< FAILURE!
io.github.bonigarcia.wdm.config.WebDriverManagerException: java.net.UnknownHostException: googlechromelabs.github.io
Caused by: java.net.UnknownHostException: googlechromelabs.github.io

teardown(SeleniumPractice.tests.SubmitOrderTest)  Time elapsed: 0 s  <<< FAILURE!
java.lang.NullPointerException: Cannot invoke "org.openqa.selenium.WebDriver.close()" because "this.driver" is null

launchapplication(SeleniumPractice.tests.SubmitOrderTest)  Time elapsed: 0.288 s  <<< FAILURE!
io.github.bonigarcia.wdm.config.WebDriverManagerException: java.net.UnknownHostException: googlechromelabs.github.io
Caused by: java.net.UnknownHostException: googlechromelabs.github.io

teardown(SeleniumPractice.tests.SubmitOrderTest)  Time elapsed: 0 s  <<< FAILURE!
java.lang.NullPointerException: Cannot invoke "org.openqa.selenium.WebDriver.close()" because "this.driver" is null

